97468 66602 351
573318 570493 372
298491 295500 327
103349 32173 351
741223 739300 393
66250 86991 351
40744 53145 340
14413 59480 340
110295 11018 354
110992 76377 354
59427 28068 340
80155 68978 351
897526 897491 326
755200 754553 318
80309 19594 351
18860 28829 308
86318 106313 354
36422 68973 340
382854 386967 348
22766 34987 311
33063 84304 351
98739 110752 354
55383 84293 351
51736 38603 314
728803 727209 318
46008 42773 314
58107 10947 340
410400 411306 374
111545 28657 354
561860 564351 359
15034 1843 276
40404 84507 351
17809 70848 340
61691 10948 340
717775 718117 318
59477 58977 273
491587 491954 320
91584 34191 351
743873 741934 349
617060 617321 279
122981 126382 331
23857 5511 282
88884 67765 351
438470 440611 400
11736 48629 324
547598 549374 377
90087 27711 351
78593 102297 341
58532 81199 351
69233 21744 340
86470 57912 351
130909 115382 349
400045 402261 387
24606 80262 351
39130 40073 306
356265 345319 441
221744 216243 386
681862 683404 336
62316 25497 340
112467 66344 354
826694 825605 344
46018 31601 324
24746 34597 311
294733 294816 265
106408 68340 354
720911 721895 367
66445 104713 351
32074 28807 285
35734 37546 306
100858 3297 351
71775 76078 325
108355 56792 354
26161 95023 351
99539 57603 351
95732 57230 351
46589 67184 340
525964 528137 408
226968 231368 443
52928 45043 340
53763 85740 351
47929 51020 296
17882 52631 340
31640 89966 351
87998 112819 354
116841 127370 336
82380 67610 351
104813 17631 351
233951 233337 275
66976 7620 340
744674 745106 243
44527 59721 340
46853 100162 351
34308 4252 311
95476 44354 351
170507 175401 347
97409 39759 351
57538 48411 340
991220 989961 321
113011 64318 354
594340 589800 403
27133 31985 285
58477 87093 351
45612 100014 351
37288 50501 314
899759 890076 370
73078 78112 351
36382 55390 340
7312 25015 282
45022 111986 354
451588 437373 400
46327 97108 351
65892 50416 340
98999 81284 333
677007 679785 380
264945 263122 332
108376 65040 354
74061 17517 340
103473 1915 351
105643 90211 341
291040 291748 327
10077 79918 351
30408 98544 351
40355 69114 340
51960 78318 351
110979 11522 354
94791 85213 333
333889 339043 366
21543 104179 351
10051 81245 351
111782 63430 354
3254 16624 276
36144 9906 324
29220 53913 340
34366 73006 340
99956 9052 351
568286 569561 359
393430 397544 405
119008 117423 336
74104 19721 340
49481 62373 340
51254 102610 351
3740 4846 215
142758 142895 220
895068 893008 370
413023 408508 449
99139 70690 351
6369 5896 262
93101 70399 351
156307 158062 339
86921 52922 351
68308 100737 351
542712 541095 364
598394 602031 403
36946 9950 324
48840 68816 340
13726 99232 351
604452 601834 372
367311 366203 348
118140 129452 336
15453 46759 324
130584 119447 344
5633 8329 262
20956 59941 340
56566 88277 351
274891 272063 358
170462 176317 347
351040 348730 366
30697 77942 351
55725 106378 354
917013 912951 370
42098 56705 340
400522 398186 374
339483 334587 366
20723 111884 354
598801 604294 403
599736 597360 372
22545 95513 351
129902 129941 300
111097 75389 354
900490 900139 313
89282 32890 351
783692 783326 300
102876 21935 351
95786 66649 351
896604 892348 370
51019 46953 314
3620 61093 340
71130 74544 325
191676 194082 347
75789 76486 307
938809 938256 308
53474 65627 335
66675 42202 340
42693 95128 351
96222 70847 351
99187 65572 351
55201 51114 340
122767 114881 349
73009 40817 340
60206 32765 340
62540 76130 330
91135 105002 341
321793 322251 260
88736 49727 351
763094 761012 362
61366 81533 351
92064 35684 351
78113 103852 341
338688 336906 366
629187 629125 173
303799 305590 340
8261 61199 340
8843 100450 351
2460 31242 308
64416 35910 340
49918 100116 351
675530 677147 385
109393 31426 354
620859 613806 447
327566 333349 353
42755 1545 324
98304 33950 351
706086 706919 305
23704 67600 340
35740 23218 324
498350 496194 351
226343 215185 386
99179 91088 333
469326 468673 351
50765 71180 340
112277 49658 354
685501 682427 380
2353 14295 276
65962 88552 351
73292 19634 340
105654 104394 341
51855 101527 351
89885 542 351
12074 66401 340
393210 400697 405
56730 78900 351
99733 39178 351
946 37680 324
75103 62317 330
74329 5745 340
112102 2150 354
801948 799501 406
83770 43891 351
357352 341094 441
458426 458437 232
71897 51991 340
35158 99629 351
91870 3290 351
54724 27240 340
80541 98251 333
435 77994 351
105582 362 351
76564 15476 340
33023 22777 308
34040 2145 308
692429 692305 261
788732 796730 468
568582 569809 359
110463 95571 354
110470 46655 354
295983 294595 358
60566 22206 340
73822 3885 340
109891 78349 354
48332 11483 324
191859 191338 329
46491 8208 324
438055 447674 400
109082 78462 354
22335 64780 340
23096 79872 351
28170 5287 308
224607 221421 337
768906 768727 331
236789 229040 443
78426 31672 351
65149 34357 340
400724 399626 374
128524 115873 336
881135 878457 357
11168 40326 324
50319 53980 340
209253 212040 355
72603 54257 335
96188 48305 351
99796 23428 351
9611 16291 276
50704 28825 324
301264 293585 371
109909 25873 354
410072 410665 312
306960 308315 371
48056 57256 340
502 42060 324
47614 6763 324
9650 8571 260
92019 24613 351
3002 97523 351
41079 39058 306
198052 195108 360
74210 47940 340
247835 246571 350
43482 64290 340
2998 21856 279
96428 11539 351
109574 97711 354
5334 91124 351
1961 69552 340
62760 41387 340
84927 85381 289
98890 25786 351
65084 56734 335
129339 131558 344
9725 19427 279
16160 41703 324
30103 99454 351
96640 53925 351
80746 46228 351
443169 438045 400
106821 56138 354
97616 30162 351
514029 511076 470
101943 73322 351
51266 71659 340
514 110864 354
390741 390154 317
22408 67524 340
354357 347825 379
328391 332291 353
88184 7564 351
221245 222028 355
13711 81245 351
250134 247779 350
107266 56589 354
130798 119132 344
104775 51200 351
53810 110830 354
531893 537359 377
528032 530141 377
22082 7879 279
134476 136493 344
82725 27118 351
102593 58424 351
53902 51944 340
42872 90001 351
55537 25069 340
21603 56150 340
27921 81563 351
525663 529228 408
108494 80333 354
21691 75671 340
92836 21103 351
65264 17824 340
47663 34220 324
106459 112872 323
78960 94316 333
44620 49970 314
6704 1370 262
17040 14741 271
70768 56245 335
60706 8698 340
2046 31657 308
951895 954922 414
24699 18008 282
33334 103627 351
73180 84564 351
529098 530307 333
829 102393 351
800401 802395 406
9554 1671 262
39849 107441 354
65385 96985 351
48673 47829 265
800516 801842 406
53540 14391 340
992916 995749 365
45530 13366 324
86975 19546 351
6348 100707 351
778175 777478 269
95723 70137 351
17289 65173 340
710731 710442 292
95948 27324 351
54325 77382 351
670917 676730 385
452067 444425 387
98649 73674 351
952151 953212 414
58466 31056 340
1263 4836 238
4295 51501 324
899021 891533 370
257562 257212 332
76264 19048 340
33792 88540 351
59644 54151 322
125739 118001 336
8295 74855 340
743431 745146 318
77423 105320 341
109482 42730 354
115775 122187 336
694239 694613 323
61947 107149 354
63110 4561 340
616333 619826 372
110980 5264 354
298223 297789 296
109258 83480 354
33378 43462 324
72861 42049 340
84756 63916 351
74046 12395 340
134463 136833 344
65214 10606 340
349167 348107 335
110686 48504 354
69410 7807 340
56355 28922 340
94833 25627 351
118580 128393 336
31445 89392 351
64036 36729 340
844765 846353 401
42803 30282 324
449772 449752 250
113652 125093 349
572863 572770 297
90320 12246 351
106623 75082 354
547 99122 351
75102 32301 340
22025 57564 340
17290 6501 276
29657 113039 354
178034 172852 347
14544 8158 276
5716 74516 340
75976 50244 340
20298 50542 324
176588 172948 347
104432 26916 351
425183 422696 418
129979 121092 336
16441 35679 324
847349 846320 313
86337 41398 351
104730 27144 351
68346 70601 312
76749 32948 340
49776 86844 351
868752 867309 357
348854 356799 379
16925 81662 351
984731 985192 427
2065 5479 238
127188 118719 336
110445 47311 354
575756 575196 315
65239 83067 351
492174 496149 426
38231 31342 324
112596 75740 354
31420 50324 324
7548 69688 340
616651 617685 328
52102 5864 324
109904 91194 354
50830 65660 340
602957 598951 403
336518 323346 384
536900 536580 271
438711 450649 369
235790 238209 350
86143 47271 351
83656 59272 351
33656 101079 351
46521 99322 351
47840 91255 351
4409 106710 354
48800 8985 324
37192 60592 340
894027 899181 370
122132 125417 331
2864 108272 354
20631 81152 351
491252 488494 351
96157 80399 333
56324 34145 340
72377 68112 325
56463 48896 340
71511 72761 263
746527 743765 349
17194 51644 324
53718 75143 335
109532 33428 354
82194 54368 351
15451 56314 340
451888 445164 387
4060 62207 340
41908 16616 324
427 8976 262
20671 5028 279
78370 69369 351
67876 26960 340
68705 106931 354
343379 355655 441
13873 82655 351
70349 61971 330
72917 109310 354
79711 29140 351
43708 7778 324
46757 22544 324
106782 106828 217
50407 38610 314
15890 109512 354
10870 51205 324
26 98799 351
108156 27827 354
18746 47028 324
78254 109139 354
52886 10983 340
82670 82352 320
35144 104881 351
24558 41751 324
32780 101635 351
39263 63879 340
278 96315 351
10171 26689 308
346936 354470 379
31114 107012 354
889 76102 340
558256 555819 346
76955 88227 351
31757 85908 351
70778 67618 312
102461 73759 351
43713 16195 324
10780 91125 351
12109 26664 308
16103 36666 324
78470 110176 354
85333 13135 351
37432 97120 351
22437 3445 279
59005 22582 340
20084 45031 324
16383 18164 279
58100 22551 340
351928 347843 379
445440 446791 325
896019 900753 401
3266 47249 324
440828 438097 400
37664 35965 306
99755 54675 351
601896 600266 403
51145 25840 324
8656 94521 351
58138 29921 340
70598 71350 325
10293 72367 340
226935 237791 443
41513 55006 340
670 92044 351
55607 67210 335
11083 76865 340
109377 90946 354
305734 302536 340
74669 81592 351
6216 45804 324
745549 739303 393
86104 12820 351
369321 371790 392
5701 5285 236
325688 331198 353
56592 13707 340
447795 439548 356
950646 947318 383
77957 48130 351
54182 20042 340
93486 87360 333
226563 217047 368
60630 4327 340
29627 60169 340
89099 107159 354
38291 23185 324
18216 99353 351
75891 113281 354
40288 2022 324
88800 50602 351
67031 41244 340
101749 27707 351
32172 34106 267
7746 47674 324
85830 87199 333
57131 60291 317
90163 18024 351
28407 71632 340
589638 599332 403
285137 286811 376
451119 450842 294
69277 877 340
68628 33068 340
32566 56019 340
59365 20784 340
135566 138361 331
400422 400487 237
71879 18981 340
111950 5170 354
990695 986224 396
37027 106766 354
80558 49659 351
39015 97761 351
56486 90956 351
51063 97058 351
80900 108067 354
63668 12268 340
68812 3519 340
61023 112702 354
52352 95284 351
106891 78671 354
7610 112714 354
106622 51858 354
267894 261721 407
938 2968 217
11397 33761 308
68200 103178 351
75827 103705 351
87596 103146 341
18351 89736 351
106660 40665 354
82809 110948 354
44424 76477 340
558191 559136 284
85920 56914 351
757962 761040 380
473239 474679 382
90631 19802 351
62347 91995 351
33515 170 308
23618 45526 324
14981 48054 324
59120 14584 340
68577 9769 340
599243 589787 403
586869 583903 372
602045 595028 403
26272 42781 324
30692 61532 340
25846 3209 282
28761 85312 351
2253 20800 279
50 81967 351
692388 693914 367
77369 42669 351
722617 722284 411
143880 150066 370
108790 41535 354
59496 46499 340
225319 214978 386
88111 12186 351
9842 49372 324
37981 41890 306
93629 59894 351
44197 84192 351
90157 86256 333
12095 5922 268
47564 36164 314
77712 73685 351
113399 132295 349
89912 52458 351
81766 99275 333
11885 39994 324
246725 253431 350
104249 49697 351
32202 66564 340
2713 109560 354
57591 100737 351
35086 91354 351
67692 83690 351
507888 507942 364
43399 83135 351
81758 40485 351
89787 44982 351
26354 58457 340
68801 91171 351
905 49942 324
25235 64924 340
75604 22583 340
28017 104560 351
57597 101735 351
80851 106306 354
95040 64539 351
570859 569884 377
90628 31364 351
433068 433571 268
83099 41908 351
18017 60008 340
97499 57998 351
105293 8004 351
604215 596979 403
94948 63877 351
590832 595000 403
99257 108214 354
116214 124066 336
81263 20933 351
79711 82671 320
9812 6694 260
96538 35579 351
587849 585639 359
104407 91637 341
26253 103883 351
34666 42622 324
494809 497042 320
446040 445736 325
224737 225643 368
710030 708028 349
7161 53982 340
197025 200489 342
512578 514457 351
55264 59023 322
996234 994111 365
57320 34772 340
50398 113333 354
332678 337293 366
847742 847560 326
109221 84640 354
104248 84385 341
84523 84153 302
51140 36386 314
30156 82273 351
1173 1644 177
43179 103317 351
112661 33774 354
109478 30964 354
594627 591249 403
45570 69360 340
85876 94538 333
30594 83523 351
34081 16655 308
93498 108752 354
36406 39481 306
115942 128287 336
42839 32555 324
6193 31423 308
39670 111412 354
81250 110854 354
78873 64302 351
174061 182882 365
798659 803693 406
37355 36248 262
233590 232898 368
110111 98155 354
74847 74435 325
891033 897318 370
102486 75466 351
16601 82133 351
145515 148063 357
334725 330510 353
22969 25749 282
16476 71335 340
597008 591235 403
356279 345431 441
46319 46137 239
681516 684763 380
75929 72457 325
880359 879075 357
176631 171093 347
890576 895523 370
149994 146739 326
120324 128947 336
548003 549391 333
445504 438742 356
98818 78182 338
142720 150805 370
798723 797981 300
100193 11311 351
4434 5889 236
65514 17037 340
328183 329641 353
74244 104487 351
61945 67575 330
32621 33742 267
84048 39643 351
77593 70 351
7323 25227 282
81888 102372 341
79835 15782 351
449088 452249 387
180002 173630 347
81789 80365 320
15201 109608 354
123988 120052 336
71461 20206 340
99523 68759 351
547574 545377 452
104397 48691 351
31410 67479 340
78312 100226 341
236923 230421 443
63148 53721 335
891924 893057 295
701238 701505 261
87734 20824 351
916488 912961 370
62313 3491 340
52990 27938 340
94979 66338 351
930578 930140 264
468357 474785 382
11341 41955 324
33774 5849 308
2103 28602 308
48099 107105 354
442627 445885 356
402031 398654 387
13042 28452 308
23942 63994 340
135108 135445 344
299829 291597 371
69641 4848 340
491614 488474 351
8222 88179 351
34066 40393 324
97884 18549 351
34676 83482 351
25916 93707 351
219013 224365 355
97017 95767 297
22830 58720 340
6146 20886 279
93725 87368 333
2711 59455 340
299 52813 340
154090 154414 326
68812 78724 351
51000 102238 351
91856 99920 328
43977 75824 340
164935 162784 334
347 30931 308
49560 98321 351
7745 7126 239
7220 36218 324
97222 4913 351
47041 1478 324
23892 4699 282
87265 58241 351
57131 60711 317
1726 59004 340
382099 381997 224
82777 17286 351
49211 105798 351
17340 84392 351
50947 108664 354
96582 49520 351
195150 191496 347
24036 46243 324
95141 81196 333
789772 793720 437
924198 923429 370
95231 16885 351
13241 63880 340
382831 385834 348
56549 29138 340
7649 110341 354
264702 266893 332
331533 328069 353
67132 26121 340
74841 15112 340
71191 24656 340
61422 38894 340
662911 656926 398
64573 75682 325
90961 101506 341
10605 74755 340
111518 55773 354
97668 69964 351
197896 193799 360
76578 40045 340
402522 399554 387
104 101210 351
45259 72996 340
106837 51623 354
146628 145819 357
814618 815695 357
71133 26521 340
98365 110538 354
354282 351892 335
26339 9326 282
11063 85111 351
101635 111273 354
106969 69126 354
92760 85914 333
439001 444460 356
86750 109153 354
676726 675566 385
31659 103634 351
50820 38669 314
186751 190704 360
328226 325589 322
283953 283707 252
200255 196338 329
58058 12211 340
39195 70038 340
72057 5923 340
43394 86026 351
42256 105495 351
39664 18121 324
470159 476738 382
352737 358309 379
691309 694684 442
53623 54159 247
43037 87103 351
68579 67149 312
16808 50056 324
367884 363966 361
71133 64289 312
345312 356498 441
926742 924961 370
46083 18385 324
23892 83161 351
802259 803391 388
57664 59408 273
88692 29266 351
96288 38451 351
318959 314587 353
10223 51057 324
13446 23802 282
49755 13028 324
746420 739316 393
79654 93379 333
105825 24115 351
77189 51636 351
49276 64587 340
105944 94678 341
53045 51538 340
106935 80118 354
551824 549199 377
59320 31865 340
166971 167740 321
93297 112669 354
492419 493990 426
941655 941926 308
673031 676075 385
624463 624411 235
111398 1957 354
799001 803398 406
188260 187742 316
42792 92639 351
84936 60284 351
461808 463946 369
11979 10758 268
66585 14894 340
16594 52024 324
59178 43784 340
102577 19538 351
122757 115823 336
353275 340930 441
15255 52093 324
95342 84120 333
95879 55022 351
36843 89374 351
68053 71629 325
31348 106362 354
685536 681237 380
352028 350036 379
135396 134691 344
344642 353793 441
46574 13606 324
69281 37418 340
407122 407430 268
330206 337264 366
101815 17388 351
24041 46530 324
10154 93484 351
65867 8446 340
32229 61273 340
54674 32759 340
40007 19726 324
46850 33195 324
40068 112313 354
102331 103516 310
11184 49306 324
60874 78085 351
90260 83095 333
1694 5114 238
20888 71855 340
1244 27270 308
21135 80460 351
83435 59938 351
41052 46208 314
52929 66675 335
